<?xml version="1.0" encoding="UTF-8"?>
<testng-results skipped="0" failed="0" total="2" passed="2">
  <reporter-output>
  </reporter-output>
  <suite name="Default suite" duration-ms="700" started-at="2017-07-23T16:03:29Z" finished-at="2017-07-23T16:03:30Z">
    <groups>
    </groups>
    <test name="scenario1" duration-ms="700" started-at="2017-07-23T16:03:29Z" finished-at="2017-07-23T16:03:30Z">
      <class name="test.java.TstMultithreadServer">
        <test-method status="PASS" signature="beforeTest()[pri:0, instance:test.java.TstMultithreadServer@31a5c39e]" name="beforeTest" is-config="true" duration-ms="431" started-at="2017-07-23T19:03:29Z" finished-at="2017-07-23T19:03:30Z">
          <reporter-output>
          </reporter-output>
        </test-method> <!-- beforeTest -->
        <test-method status="PASS" signature="scenario1(java.util.List, java.util.List)[pri:0, instance:test.java.TstMultithreadServer@31a5c39e]" name="scenario1" duration-ms="33" started-at="2017-07-23T19:03:30Z" data-provider="scenario1" finished-at="2017-07-23T19:03:30Z">
          <params>
            <param index="0">
              <value>
                <![CDATA[[command=sign_in&login=Anton&password=passWord4, command=ban_user&login=Petr&signIn=BAN, command=edit_access&login=Sema&access=U, command=sign_out&login=Anton]]]>
              </value>
            </param>
            <param index="1">
              <value>
                <![CDATA[[Welcom!, Profile is changed!, Access is changed!, Good Bye!]]]>
              </value>
            </param>
          </params>
          <reporter-output>
          </reporter-output>
        </test-method> <!-- scenario1 -->
        <test-method status="PASS" signature="scenario2(java.util.List, java.util.List)[pri:0, instance:test.java.TstMultithreadServer@31a5c39e]" name="scenario2" duration-ms="32" started-at="2017-07-23T19:03:30Z" data-provider="scenario2" finished-at="2017-07-23T19:03:30Z">
          <params>
            <param index="0">
              <value>
                <![CDATA[[command=sign_in&login=Ivan&password=passWord1, command=edit_Login&login=IvanStoGram, command=sign_out&login=IvanStoGram]]]>
              </value>
            </param>
            <param index="1">
              <value>
                <![CDATA[[Welcom!, Login is changed!, Good Bye!]]]>
              </value>
            </param>
          </params>
          <reporter-output>
          </reporter-output>
        </test-method> <!-- scenario2 -->
        <test-method status="PASS" signature="afterTest()[pri:0, instance:test.java.TstMultithreadServer@31a5c39e]" name="afterTest" is-config="true" duration-ms="208" started-at="2017-07-23T19:03:30Z" finished-at="2017-07-23T19:03:30Z">
          <reporter-output>
          </reporter-output>
        </test-method> <!-- afterTest -->
      </class> <!-- test.java.TstMultithreadServer -->
    </test> <!-- scenario1 -->
  </suite> <!-- Default suite -->
</testng-results>
